<?xml version="1.0" encoding="UTF-8"?>
<testng-results skipped="0" failed="0" ignored="0" total="1" passed="1">
  <reporter-output>
  </reporter-output>
  <suite name="Suite" duration-ms="6811" started-at="2022-07-30T02:38:19 EDT" finished-at="2022-07-30T02:38:26 EDT">
    <groups>
    </groups>
    <test name="Test" duration-ms="6811" started-at="2022-07-30T02:38:19 EDT" finished-at="2022-07-30T02:38:26 EDT">
      <class name="com.launch.BasicsTest">
        <test-method status="PASS" signature="basicTesting()[pri:0, instance:com.launch.BasicsTest@1f28c152]" name="basicTesting" duration-ms="6762" started-at="2022-07-30T02:38:19 EDT" finished-at="2022-07-30T02:38:26 EDT">
          <reporter-output>
          </reporter-output>
        </test-method> <!-- basicTesting -->
      </class> <!-- com.launch.BasicsTest -->
    </test> <!-- Test -->
  </suite> <!-- Suite -->
</testng-results>
